2025-01-06 19:11:20,839 - INFO - Loading and preprocessing data...
2025-01-06 19:11:20,904 - INFO - Preparing text features...
2025-01-06 19:11:20,906 - ERROR - Error in pipeline: 'text'
2025-01-06 19:13:26,941 - INFO - Loading and preprocessing data...
2025-01-06 19:13:27,002 - INFO - Preparing text features...
2025-01-06 19:13:27,271 - INFO - Training and evaluating models...
2025-01-06 19:13:45,429 - INFO - random_forest - Accuracy: 0.2001180637544274
2025-01-06 19:14:44,190 - INFO - svc - Accuracy: 0.19834710743801653
2025-01-06 19:14:44,194 - INFO - Generating model comparison visualization...
2025-01-06 19:14:44,413 - ERROR - Error in visualization: 'train_score'
2025-01-06 19:14:44,414 - ERROR - Error in pipeline: 'train_score'
2025-01-06 19:18:42,912 - INFO - Loading and preprocessing data...
2025-01-06 19:18:42,969 - INFO - Preparing text features...
2025-01-06 19:18:43,218 - INFO - Training and evaluating models...
2025-01-06 19:19:01,342 - INFO - random_forest - Accuracy: 0.2001180637544274
2025-01-06 19:20:07,263 - INFO - svc - Accuracy: 0.19834710743801653
2025-01-06 19:20:07,276 - INFO - Generating model comparison visualization...
2025-01-06 19:20:08,026 - ERROR - Error in visualization: 'train_score'
2025-01-06 19:20:08,034 - ERROR - Error in pipeline: 'train_score'
2025-01-06 19:44:13,384 - INFO - Loading and preprocessing data...
2025-01-06 19:44:13,450 - INFO - Preparing text features...
2025-01-06 19:44:13,729 - INFO - Training and evaluating models...
2025-01-06 19:44:33,358 - INFO - random_forest - Train Score: 0.9628, Test Score: 0.2001
2025-01-06 19:46:09,470 - INFO - svc - Train Score: 0.7163, Test Score: 0.1983
2025-01-06 19:46:09,473 - INFO - Generating model comparison visualization...
2025-01-06 19:46:09,755 - ERROR - Error in visualization: [Errno 2] No such file or directory: 'visualizations/model_comparison.png'
2025-01-06 19:46:09,756 - ERROR - Error in pipeline: [Errno 2] No such file or directory: 'visualizations/model_comparison.png'
2025-01-06 19:47:29,142 - INFO - Loading and preprocessing data...
2025-01-06 19:47:29,205 - INFO - Preparing text features...
2025-01-06 19:47:29,480 - INFO - Training and evaluating models...
2025-01-06 19:47:46,877 - INFO - random_forest - Train Score: 0.9628, Test Score: 0.2001
2025-01-06 19:49:23,478 - INFO - svc - Train Score: 0.7163, Test Score: 0.1983
2025-01-06 19:49:23,480 - INFO - Generating model comparison visualization...
2025-01-06 19:49:23,700 - ERROR - Error in visualization: [Errno 2] No such file or directory: 'visualizations/model_comparison.png'
2025-01-06 19:49:23,700 - ERROR - Error in pipeline: [Errno 2] No such file or directory: 'visualizations/model_comparison.png'
2025-01-06 19:50:59,973 - INFO - Loading and preprocessing data...
2025-01-06 19:51:00,055 - INFO - Preparing text features...
2025-01-06 19:51:00,327 - INFO - Training and evaluating models...
2025-01-06 19:51:19,052 - INFO - random_forest - Train Score: 0.9628, Test Score: 0.2001
2025-01-06 19:52:54,523 - INFO - svc - Train Score: 0.7163, Test Score: 0.1983
2025-01-06 19:52:54,527 - INFO - Generating model comparison visualization...
2025-01-06 19:52:54,804 - INFO - Pipeline completed successfully!
